2022-08-12T08:21:09.416+0800	INFO	middleware/middleware.go:30	GET/admin/index
2022-08-12T08:21:09.416+0800	ERROR	handlers/adminPages.go:18	解析模板发生错误template: "admin" is an incomplete or empty template
lightsaid.com/weblogs/cmd/web/handlers.ShowAdminIndex
	/home/xzz/go/src/lightsaid.com/weblogs/cmd/web/handlers/adminPages.go:18
net/http.HandlerFunc.ServeHTTP
	/usr/local/go/src/net/http/server.go:2084
lightsaid.com/weblogs/cmd/web/middleware.LogMiddlewate.func1
	/home/xzz/go/src/lightsaid.com/weblogs/cmd/web/middleware/middleware.go:32
net/http.HandlerFunc.ServeHTTP
	/usr/local/go/src/net/http/server.go:2084
github.com/gorilla/mux.(*Router).ServeHTTP
	/home/xzz/go/pkg/mod/github.com/gorilla/mux@v1.8.0/mux.go:210
net/http.serverHandler.ServeHTTP
	/usr/local/go/src/net/http/server.go:2916
net/http.(*conn).serve
	/usr/local/go/src/net/http/server.go:1966
2022-08-12T08:23:19.772+0800	INFO	middleware/middleware.go:30	GET/admin/index
2022-08-12T08:24:29.722+0800	INFO	middleware/middleware.go:30	GET/admin/index
2022-08-12T08:24:29.722+0800	ERROR	handlers/adminPages.go:18	解析模板发生错误template: "admin" is an incomplete or empty template
lightsaid.com/weblogs/cmd/web/handlers.ShowAdminIndex
	/home/xzz/go/src/lightsaid.com/weblogs/cmd/web/handlers/adminPages.go:18
net/http.HandlerFunc.ServeHTTP
	/usr/local/go/src/net/http/server.go:2084
lightsaid.com/weblogs/cmd/web/middleware.LogMiddlewate.func1
	/home/xzz/go/src/lightsaid.com/weblogs/cmd/web/middleware/middleware.go:32
net/http.HandlerFunc.ServeHTTP
	/usr/local/go/src/net/http/server.go:2084
github.com/gorilla/mux.(*Router).ServeHTTP
	/home/xzz/go/pkg/mod/github.com/gorilla/mux@v1.8.0/mux.go:210
net/http.serverHandler.ServeHTTP
	/usr/local/go/src/net/http/server.go:2916
net/http.(*conn).serve
	/usr/local/go/src/net/http/server.go:1966
2022-08-12T08:25:12.028+0800	INFO	middleware/middleware.go:30	GET/admin/index
2022-08-12T08:25:12.028+0800	ERROR	handlers/adminPages.go:18	解析模板发生错误template: "./templates/admin.page.tmpl" is an incomplete or empty template
lightsaid.com/weblogs/cmd/web/handlers.ShowAdminIndex
	/home/xzz/go/src/lightsaid.com/weblogs/cmd/web/handlers/adminPages.go:18
net/http.HandlerFunc.ServeHTTP
	/usr/local/go/src/net/http/server.go:2084
lightsaid.com/weblogs/cmd/web/middleware.LogMiddlewate.func1
	/home/xzz/go/src/lightsaid.com/weblogs/cmd/web/middleware/middleware.go:32
net/http.HandlerFunc.ServeHTTP
	/usr/local/go/src/net/http/server.go:2084
github.com/gorilla/mux.(*Router).ServeHTTP
	/home/xzz/go/pkg/mod/github.com/gorilla/mux@v1.8.0/mux.go:210
net/http.serverHandler.ServeHTTP
	/usr/local/go/src/net/http/server.go:2916
net/http.(*conn).serve
	/usr/local/go/src/net/http/server.go:1966
2022-08-12T08:27:09.049+0800	INFO	middleware/middleware.go:30	GET/admin/index
2022-08-12T08:27:32.110+0800	INFO	middleware/middleware.go:30	GET/admin/index
2022-08-12T08:31:36.277+0800	INFO	middleware/middleware.go:30	GET/admin/index
2022-08-12T08:32:50.999+0800	INFO	middleware/middleware.go:30	GET/admin/index
2022-08-12T08:32:50.999+0800	ERROR	handlers/adminPages.go:19	解析模板发生错误template: admin.page.tmpl:83:34: executing "admin.page.tmpl" at <.pageTitle>: can't evaluate field pageTitle in type string
lightsaid.com/weblogs/cmd/web/handlers.ShowAdminIndex
	/home/xzz/go/src/lightsaid.com/weblogs/cmd/web/handlers/adminPages.go:19
net/http.HandlerFunc.ServeHTTP
	/usr/local/go/src/net/http/server.go:2084
lightsaid.com/weblogs/cmd/web/middleware.LogMiddlewate.func1
	/home/xzz/go/src/lightsaid.com/weblogs/cmd/web/middleware/middleware.go:32
net/http.HandlerFunc.ServeHTTP
	/usr/local/go/src/net/http/server.go:2084
github.com/gorilla/mux.(*Router).ServeHTTP
	/home/xzz/go/pkg/mod/github.com/gorilla/mux@v1.8.0/mux.go:210
net/http.serverHandler.ServeHTTP
	/usr/local/go/src/net/http/server.go:2916
net/http.(*conn).serve
	/usr/local/go/src/net/http/server.go:1966
2022-08-12T08:33:53.838+0800	INFO	middleware/middleware.go:30	GET/admin/index
2022-08-12T08:33:53.838+0800	ERROR	handlers/adminPages.go:19	解析模板发生错误template: admin.page.tmpl:83:34: executing "admin.page.tmpl" at <.PageTitle>: can't evaluate field PageTitle in type string
lightsaid.com/weblogs/cmd/web/handlers.ShowAdminIndex
	/home/xzz/go/src/lightsaid.com/weblogs/cmd/web/handlers/adminPages.go:19
net/http.HandlerFunc.ServeHTTP
	/usr/local/go/src/net/http/server.go:2084
lightsaid.com/weblogs/cmd/web/middleware.LogMiddlewate.func1
	/home/xzz/go/src/lightsaid.com/weblogs/cmd/web/middleware/middleware.go:32
net/http.HandlerFunc.ServeHTTP
	/usr/local/go/src/net/http/server.go:2084
github.com/gorilla/mux.(*Router).ServeHTTP
	/home/xzz/go/pkg/mod/github.com/gorilla/mux@v1.8.0/mux.go:210
net/http.serverHandler.ServeHTTP
	/usr/local/go/src/net/http/server.go:2916
net/http.(*conn).serve
	/usr/local/go/src/net/http/server.go:1966
2022-08-12T08:34:08.597+0800	INFO	middleware/middleware.go:30	GET/admin/index
2022-08-12T08:39:19.794+0800	INFO	middleware/middleware.go:30	GET/admin/index
2022-08-12T08:44:33.964+0800	INFO	middleware/middleware.go:30	GET/admin/index
2022-08-12T08:44:52.933+0800	INFO	middleware/middleware.go:30	GET/admin/index
2022-08-12T08:45:06.822+0800	INFO	middleware/middleware.go:30	GET/admin/index
2022-08-12T08:45:29.005+0800	INFO	middleware/middleware.go:30	GET/admin/index
2022-08-12T08:45:40.881+0800	INFO	middleware/middleware.go:30	GET/admin/index
2022-08-12T08:45:42.295+0800	INFO	middleware/middleware.go:30	GET/admin/index
2022-08-12T08:45:43.141+0800	INFO	middleware/middleware.go:30	GET/admin/index
2022-08-12T08:46:59.284+0800	INFO	middleware/middleware.go:30	GET/admin/index
2022-08-12T08:46:59.312+0800	INFO	middleware/middleware.go:30	GET/static/css/bootstrap.min.css
2022-08-12T08:47:01.514+0800	INFO	middleware/middleware.go:30	GET/static/css/bootstrap.min.css.map
2022-08-12T08:48:39.290+0800	INFO	middleware/middleware.go:30	GET/admin/index
2022-08-12T08:48:41.109+0800	INFO	middleware/middleware.go:30	GET/static/css/bootstrap.min.css.map
2022-08-12T08:48:46.558+0800	INFO	middleware/middleware.go:30	GET/admin/index
2022-08-12T08:48:46.820+0800	INFO	middleware/middleware.go:30	GET/static/css/bootstrap.min.css.map
2022-08-12T08:49:00.375+0800	INFO	middleware/middleware.go:30	GET/admin/index
2022-08-12T08:49:00.560+0800	INFO	middleware/middleware.go:30	GET/static/css/bootstrap.min.css.map
2022-08-12T08:49:16.337+0800	INFO	middleware/middleware.go:30	GET/admin/index
2022-08-12T08:49:16.513+0800	INFO	middleware/middleware.go:30	GET/static/css/bootstrap.min.css.map
2022-08-12T08:49:25.657+0800	INFO	middleware/middleware.go:30	GET/admin/index
2022-08-12T08:54:13.680+0800	INFO	middleware/middleware.go:30	GET/admin/index
2022-08-12T08:54:14.908+0800	INFO	middleware/middleware.go:30	GET/static/css/bootstrap.min.css.map
2022-08-12T08:54:14.909+0800	INFO	middleware/middleware.go:30	GET/static/css/bootstrap.min.css.map
2022-08-12T08:54:55.279+0800	INFO	middleware/middleware.go:30	GET/admin/index
2022-08-12T08:55:51.958+0800	INFO	middleware/middleware.go:30	GET/static/css/bootstrap.min.css.map
2022-08-12T08:57:06.530+0800	INFO	middleware/middleware.go:30	GET/admin/index
2022-08-12T08:57:06.793+0800	INFO	middleware/middleware.go:30	GET/static/css/bootstrap.min.css.map
2022-08-12T08:57:08.613+0800	INFO	middleware/middleware.go:30	GET/admin/index
2022-08-12T08:57:08.862+0800	INFO	middleware/middleware.go:30	GET/static/css/bootstrap.min.css.map
2022-08-12T08:57:23.215+0800	INFO	middleware/middleware.go:30	GET/admin/index
2022-08-12T08:57:23.495+0800	INFO	middleware/middleware.go:30	GET/static/css/bootstrap.min.css.map
2022-08-12T08:57:24.802+0800	INFO	middleware/middleware.go:30	GET/admin/index
2022-08-12T08:57:25.034+0800	INFO	middleware/middleware.go:30	GET/static/css/bootstrap.min.css.map
2022-08-12T08:57:49.856+0800	INFO	middleware/middleware.go:30	GET/admin/index
2022-08-12T08:57:50.054+0800	INFO	middleware/middleware.go:30	GET/static/css/bootstrap.min.css.map
2022-08-12T08:57:52.264+0800	INFO	middleware/middleware.go:30	GET/admin/index
2022-08-12T08:57:52.439+0800	INFO	middleware/middleware.go:30	GET/static/css/bootstrap.min.css.map
2022-08-12T08:58:40.825+0800	INFO	middleware/middleware.go:30	GET/admin/index
2022-08-12T08:58:41.091+0800	INFO	middleware/middleware.go:30	GET/static/css/bootstrap.min.css.map
2022-08-12T08:58:50.440+0800	INFO	middleware/middleware.go:30	GET/admin/index
2022-08-12T08:58:50.677+0800	INFO	middleware/middleware.go:30	GET/static/css/bootstrap.min.css.map
2022-08-12T08:59:00.870+0800	INFO	middleware/middleware.go:30	GET/admin/index
2022-08-12T08:59:01.116+0800	INFO	middleware/middleware.go:30	GET/static/css/bootstrap.min.css.map
2022-08-12T11:13:35.786+0800	INFO	render/render.go:61	matchs=>> []
2022-08-12T11:13:35.786+0800	PANIC	render/render.go:24	没有匹配到模板文件
lightsaid.com/weblogs/internal/render.New
	/home/xzz/go/src/lightsaid.com/weblogs/internal/render/render.go:24
lightsaid.com/weblogs/cmd/web/app.init.0
	/home/xzz/go/src/lightsaid.com/weblogs/cmd/web/app/app.go:33
runtime.doInit
	/usr/local/go/src/runtime/proc.go:6222
runtime.doInit
	/usr/local/go/src/runtime/proc.go:6199
runtime.main
	/usr/local/go/src/runtime/proc.go:233
2022-08-12T11:14:03.697+0800	INFO	render/render.go:61	matchs=>> []
2022-08-12T11:14:03.697+0800	PANIC	render/render.go:24	没有匹配到模板文件
lightsaid.com/weblogs/internal/render.New
	/home/xzz/go/src/lightsaid.com/weblogs/internal/render/render.go:24
lightsaid.com/weblogs/cmd/web/app.init.0
	/home/xzz/go/src/lightsaid.com/weblogs/cmd/web/app/app.go:33
runtime.doInit
	/usr/local/go/src/runtime/proc.go:6222
runtime.doInit
	/usr/local/go/src/runtime/proc.go:6199
runtime.main
	/usr/local/go/src/runtime/proc.go:233
2022-08-12T11:15:08.864+0800	INFO	render/render.go:61	matchs=>> []
2022-08-12T11:15:08.864+0800	PANIC	render/render.go:24	没有匹配到模板文件
lightsaid.com/weblogs/internal/render.New
	/home/xzz/go/src/lightsaid.com/weblogs/internal/render/render.go:24
lightsaid.com/weblogs/cmd/web/app.initial
	/home/xzz/go/src/lightsaid.com/weblogs/cmd/web/app/app.go:33
lightsaid.com/weblogs/cmd/web/app.Serve
	/home/xzz/go/src/lightsaid.com/weblogs/cmd/web/app/app.go:64
main.main
	/home/xzz/go/src/lightsaid.com/weblogs/cmd/web/main.go:9
runtime.main
	/usr/local/go/src/runtime/proc.go:250
2022-08-12T11:16:16.899+0800	INFO	render/render.go:61	matchs=>> [templates/admin.page.tmpl]
2022-08-12T11:16:16.900+0800	PANIC	render/render.go:24	html/template: no files named in call to ParseFiles
lightsaid.com/weblogs/internal/render.New
	/home/xzz/go/src/lightsaid.com/weblogs/internal/render/render.go:24
lightsaid.com/weblogs/cmd/web/app.initial
	/home/xzz/go/src/lightsaid.com/weblogs/cmd/web/app/app.go:33
lightsaid.com/weblogs/cmd/web/app.Serve
	/home/xzz/go/src/lightsaid.com/weblogs/cmd/web/app/app.go:64
main.main
	/home/xzz/go/src/lightsaid.com/weblogs/cmd/web/main.go:9
runtime.main
	/usr/local/go/src/runtime/proc.go:250
2022-08-12T11:21:01.128+0800	INFO	render/render.go:61	matchs=>> [templates/admin.page.tmpl]
2022-08-12T11:21:01.128+0800	PANIC	render/render.go:89	html/template: no files named in call to ParseFiles
lightsaid.com/weblogs/internal/render.CreateTemplateCache
	/home/xzz/go/src/lightsaid.com/weblogs/internal/render/render.go:89
lightsaid.com/weblogs/internal/render.New
	/home/xzz/go/src/lightsaid.com/weblogs/internal/render/render.go:22
lightsaid.com/weblogs/cmd/web/app.initial
	/home/xzz/go/src/lightsaid.com/weblogs/cmd/web/app/app.go:33
lightsaid.com/weblogs/cmd/web/app.Serve
	/home/xzz/go/src/lightsaid.com/weblogs/cmd/web/app/app.go:64
main.main
	/home/xzz/go/src/lightsaid.com/weblogs/cmd/web/main.go:9
runtime.main
	/usr/local/go/src/runtime/proc.go:250
2022-08-12T11:23:38.604+0800	INFO	render/render.go:61	matchs=>> [templates/admin.page.tmpl]
2022-08-12T11:32:43.386+0800	INFO	render/render.go:61	matchs=>> [templates/admin.page.tmpl]
2022-08-12T11:36:49.493+0800	INFO	render/render.go:61	matchs=>> [templates/admin.page.tmpl]
2022-08-12T11:37:17.400+0800	INFO	middleware/middleware.go:30	GET/admin/users
2022-08-12T11:37:17.439+0800	INFO	middleware/middleware.go:30	GET/static/css/bootstrap.min.css
2022-08-12T11:37:19.657+0800	INFO	middleware/middleware.go:30	GET/static/css/bootstrap.min.css.map
2022-08-12T11:37:38.557+0800	INFO	middleware/middleware.go:30	GET/admin/users
2022-08-12T11:37:38.582+0800	INFO	middleware/middleware.go:30	GET/static/css/bootstrap.min.css
2022-08-12T11:37:41.784+0800	INFO	middleware/middleware.go:30	GET/static/css/bootstrap.min.css.map
2022-08-12T11:37:42.630+0800	INFO	middleware/middleware.go:30	GET/admin/users
2022-08-12T11:37:42.694+0800	INFO	middleware/middleware.go:30	GET/static/css/bootstrap.min.css.map
2022-08-12T13:08:20.014+0800	INFO	render/render.go:61	matchs=>> [templates/admin.page.tmpl]
2022-08-12T13:08:24.757+0800	INFO	middleware/middleware.go:30	GET/admin/users
2022-08-12T13:08:24.769+0800	INFO	middleware/middleware.go:30	GET/static/css/bootstrap.min.css
2022-08-12T13:08:24.823+0800	INFO	middleware/middleware.go:30	GET/static/css/bootstrap.min.css.map
2022-08-12T13:08:27.775+0800	INFO	middleware/middleware.go:30	GET/admin/users
2022-08-12T13:08:27.836+0800	INFO	middleware/middleware.go:30	GET/static/css/bootstrap.min.css.map
2022-08-12T13:08:32.549+0800	INFO	middleware/middleware.go:30	GET/admin/users
2022-08-12T13:08:35.476+0800	INFO	middleware/middleware.go:30	GET/static/css/bootstrap.min.css.map
2022-08-12T13:10:01.381+0800	INFO	middleware/middleware.go:30	GET/admin/users
2022-08-12T13:11:14.293+0800	INFO	middleware/middleware.go:30	GET/admin/users
2022-08-12T13:11:19.948+0800	INFO	render/render.go:61	matchs=>> [templates/admin.page.tmpl]
2022-08-12T13:11:22.608+0800	INFO	middleware/middleware.go:30	GET/admin/users
2022-08-12T13:11:22.618+0800	INFO	middleware/middleware.go:30	GET/static/js/bootstrap.bundle.min.js
2022-08-12T13:12:07.709+0800	INFO	middleware/middleware.go:30	GET/admin/users
2022-08-12T13:12:10.004+0800	INFO	middleware/middleware.go:30	GET/admin/users
2022-08-12T13:18:13.161+0800	INFO	render/render.go:70	matchs=>> [templates/admin.page.tmpl]
2022-08-12T13:18:15.160+0800	INFO	middleware/middleware.go:30	GET/admin/users
2022-08-12T13:18:15.160+0800	INFO	render/render.go:70	matchs=>> [templates/admin.page.tmpl]
2022-08-12T13:18:25.604+0800	INFO	middleware/middleware.go:30	GET/admin/users
2022-08-12T13:18:25.604+0800	INFO	render/render.go:70	matchs=>> [templates/admin.page.tmpl]
2022-08-12T13:21:22.203+0800	INFO	middleware/middleware.go:30	GET/admin/users
2022-08-12T13:21:22.203+0800	INFO	render/render.go:70	matchs=>> [templates/admin.page.tmpl]
2022-08-12T13:28:32.726+0800	INFO	render/render.go:70	matchs=>> [templates/admin.page.tmpl]
2022-08-12T13:28:34.828+0800	INFO	middleware/middleware.go:30	GET/admin/users
2022-08-12T13:28:34.828+0800	INFO	render/render.go:70	matchs=>> [templates/admin.page.tmpl]
2022-08-12T13:28:44.216+0800	INFO	middleware/middleware.go:30	GET/static/js/bootstrap.bundle.min.js.map
2022-08-12T13:28:44.234+0800	INFO	middleware/middleware.go:30	GET/static/css/bootstrap.min.css.map
2022-08-12T13:31:59.656+0800	INFO	middleware/middleware.go:30	GET/admin/users
2022-08-12T13:31:59.656+0800	INFO	render/render.go:70	matchs=>> [templates/admin.page.tmpl]
2022-08-12T13:31:59.762+0800	INFO	middleware/middleware.go:30	GET/static/css/bootstrap.min.css.map
2022-08-12T13:31:59.766+0800	INFO	middleware/middleware.go:30	GET/static/js/bootstrap.bundle.min.js.map
2022-08-12T13:32:26.480+0800	INFO	middleware/middleware.go:30	GET/admin/users
2022-08-12T13:32:26.480+0800	INFO	render/render.go:70	matchs=>> [templates/admin.page.tmpl]
2022-08-12T13:32:28.409+0800	INFO	middleware/middleware.go:30	GET/admin/users
2022-08-12T13:32:28.409+0800	INFO	render/render.go:70	matchs=>> [templates/admin.page.tmpl]
2022-08-12T13:32:31.793+0800	INFO	middleware/middleware.go:30	GET/admin/users
2022-08-12T13:32:31.793+0800	INFO	render/render.go:70	matchs=>> [templates/admin.page.tmpl]
2022-08-12T13:32:34.725+0800	INFO	middleware/middleware.go:30	GET/static/js/bootstrap.bundle.min.js.map
2022-08-12T13:32:34.730+0800	INFO	middleware/middleware.go:30	GET/static/css/bootstrap.min.css.map
2022-08-12T13:48:38.431+0800	INFO	render/render.go:86	matchs=>> [templates/admin.page.tmpl]
2022-08-12T13:48:41.882+0800	INFO	middleware/middleware.go:30	GET/admin/users
2022-08-12T13:48:41.882+0800	INFO	render/render.go:86	matchs=>> [templates/admin.page.tmpl]
2022-08-12T13:48:41.938+0800	INFO	middleware/middleware.go:30	GET/static/css/bootstrap.min.css.map
2022-08-12T13:48:41.947+0800	INFO	middleware/middleware.go:30	GET/static/js/bootstrap.bundle.min.js.map
2022-08-12T13:48:45.877+0800	INFO	middleware/middleware.go:30	GET/admin/users
2022-08-12T13:48:45.877+0800	INFO	render/render.go:86	matchs=>> [templates/admin.page.tmpl]
2022-08-12T13:48:45.929+0800	INFO	middleware/middleware.go:30	GET/static/css/bootstrap.min.css.map
2022-08-12T13:48:45.941+0800	INFO	middleware/middleware.go:30	GET/static/js/bootstrap.bundle.min.js.map
2022-08-12T13:48:48.459+0800	INFO	middleware/middleware.go:30	GET/admin/users
2022-08-12T13:48:48.459+0800	INFO	render/render.go:86	matchs=>> [templates/admin.page.tmpl]
2022-08-12T13:48:48.526+0800	INFO	middleware/middleware.go:30	GET/static/css/bootstrap.min.css.map
2022-08-12T13:48:48.533+0800	INFO	middleware/middleware.go:30	GET/static/js/bootstrap.bundle.min.js.map
2022-08-12T13:48:50.405+0800	INFO	middleware/middleware.go:30	GET/admin/users
2022-08-12T13:48:50.406+0800	INFO	render/render.go:86	matchs=>> [templates/admin.page.tmpl]
2022-08-12T13:48:50.451+0800	INFO	middleware/middleware.go:30	GET/static/css/bootstrap.min.css.map
2022-08-12T13:48:50.457+0800	INFO	middleware/middleware.go:30	GET/static/js/bootstrap.bundle.min.js.map
2022-08-12T13:48:50.861+0800	INFO	middleware/middleware.go:30	GET/admin/users
2022-08-12T13:48:50.861+0800	INFO	render/render.go:86	matchs=>> [templates/admin.page.tmpl]
2022-08-12T13:48:50.902+0800	INFO	middleware/middleware.go:30	GET/static/css/bootstrap.min.css.map
2022-08-12T13:48:50.908+0800	INFO	middleware/middleware.go:30	GET/static/js/bootstrap.bundle.min.js.map
2022-08-12T13:48:51.061+0800	INFO	middleware/middleware.go:30	GET/admin/users
2022-08-12T13:48:51.061+0800	INFO	render/render.go:86	matchs=>> [templates/admin.page.tmpl]
2022-08-12T13:48:51.112+0800	INFO	middleware/middleware.go:30	GET/static/css/bootstrap.min.css.map
2022-08-12T13:48:51.122+0800	INFO	middleware/middleware.go:30	GET/static/js/bootstrap.bundle.min.js.map
2022-08-12T13:48:51.253+0800	INFO	middleware/middleware.go:30	GET/admin/users
2022-08-12T13:48:51.253+0800	INFO	render/render.go:86	matchs=>> [templates/admin.page.tmpl]
2022-08-12T13:48:51.293+0800	INFO	middleware/middleware.go:30	GET/static/css/bootstrap.min.css.map
2022-08-12T13:48:51.297+0800	INFO	middleware/middleware.go:30	GET/static/js/bootstrap.bundle.min.js.map
2022-08-12T13:48:51.429+0800	INFO	middleware/middleware.go:30	GET/admin/users
2022-08-12T13:48:51.429+0800	INFO	render/render.go:86	matchs=>> [templates/admin.page.tmpl]
2022-08-12T13:48:51.508+0800	INFO	middleware/middleware.go:30	GET/static/css/bootstrap.min.css.map
2022-08-12T13:48:51.519+0800	INFO	middleware/middleware.go:30	GET/static/js/bootstrap.bundle.min.js.map
2022-08-12T13:48:51.588+0800	INFO	middleware/middleware.go:30	GET/admin/users
2022-08-12T13:48:51.588+0800	INFO	render/render.go:86	matchs=>> [templates/admin.page.tmpl]
2022-08-12T13:48:51.644+0800	INFO	middleware/middleware.go:30	GET/static/css/bootstrap.min.css.map
2022-08-12T13:48:51.647+0800	INFO	middleware/middleware.go:30	GET/static/js/bootstrap.bundle.min.js.map
2022-08-12T13:48:51.773+0800	INFO	middleware/middleware.go:30	GET/admin/users
2022-08-12T13:48:51.773+0800	INFO	render/render.go:86	matchs=>> [templates/admin.page.tmpl]
2022-08-12T13:48:51.862+0800	INFO	middleware/middleware.go:30	GET/static/css/bootstrap.min.css.map
2022-08-12T13:48:51.874+0800	INFO	middleware/middleware.go:30	GET/static/js/bootstrap.bundle.min.js.map
2022-08-12T13:48:51.964+0800	INFO	middleware/middleware.go:30	GET/admin/users
2022-08-12T13:48:51.964+0800	INFO	render/render.go:86	matchs=>> [templates/admin.page.tmpl]
2022-08-12T13:48:52.011+0800	INFO	middleware/middleware.go:30	GET/static/css/bootstrap.min.css.map
2022-08-12T13:48:52.019+0800	INFO	middleware/middleware.go:30	GET/static/js/bootstrap.bundle.min.js.map
2022-08-12T13:49:02.320+0800	INFO	middleware/middleware.go:30	GET/admin/users
2022-08-12T13:49:02.320+0800	INFO	render/render.go:86	matchs=>> [templates/admin.page.tmpl]
2022-08-12T13:49:02.368+0800	INFO	middleware/middleware.go:30	GET/static/css/bootstrap.min.css.map
2022-08-12T13:49:02.371+0800	INFO	middleware/middleware.go:30	GET/static/js/bootstrap.bundle.min.js.map
2022-08-12T13:56:02.447+0800	INFO	middleware/middleware.go:30	GET/admin/users
2022-08-12T13:56:02.447+0800	INFO	render/render.go:86	matchs=>> [templates/admin.page.tmpl]
2022-08-12T13:56:02.503+0800	INFO	middleware/middleware.go:30	GET/static/css/bootstrap.min.css.map
2022-08-12T13:56:02.537+0800	INFO	middleware/middleware.go:30	GET/static/js/bootstrap.bundle.min.js.map
2022-08-12T14:02:32.584+0800	INFO	middleware/middleware.go:30	GET/admin/users
2022-08-12T14:02:32.584+0800	INFO	render/render.go:86	matchs=>> [templates/admin.page.tmpl]
2022-08-12T14:02:32.637+0800	INFO	middleware/middleware.go:30	GET/static/css/bootstrap.min.css.map
2022-08-12T14:02:32.653+0800	INFO	middleware/middleware.go:30	GET/static/js/bootstrap.bundle.min.js.map
2022-08-12T14:02:57.626+0800	INFO	middleware/middleware.go:30	GET/admin/users
2022-08-12T14:02:57.626+0800	INFO	render/render.go:86	matchs=>> [templates/admin.page.tmpl]
2022-08-12T14:02:57.676+0800	INFO	middleware/middleware.go:30	GET/static/css/bootstrap.min.css.map
2022-08-12T14:02:57.686+0800	INFO	middleware/middleware.go:30	GET/static/js/bootstrap.bundle.min.js.map
2022-08-12T14:03:51.842+0800	INFO	middleware/middleware.go:30	GET/admin/users
2022-08-12T14:03:51.842+0800	INFO	render/render.go:86	matchs=>> [templates/admin.page.tmpl]
2022-08-12T14:03:51.896+0800	INFO	middleware/middleware.go:30	GET/static/css/bootstrap.min.css.map
2022-08-12T14:03:51.906+0800	INFO	middleware/middleware.go:30	GET/static/js/bootstrap.bundle.min.js.map
2022-08-12T14:04:30.066+0800	INFO	middleware/middleware.go:30	GET/admin/users
2022-08-12T14:04:30.067+0800	INFO	render/render.go:86	matchs=>> [templates/admin.page.tmpl]
2022-08-12T14:04:30.120+0800	INFO	middleware/middleware.go:30	GET/static/css/bootstrap.min.css.map
2022-08-12T14:04:30.136+0800	INFO	middleware/middleware.go:30	GET/static/js/bootstrap.bundle.min.js.map
2022-08-12T14:05:26.626+0800	INFO	middleware/middleware.go:30	GET/admin/users
2022-08-12T14:05:26.626+0800	INFO	render/render.go:86	matchs=>> [templates/admin.page.tmpl]
2022-08-12T14:05:26.700+0800	INFO	middleware/middleware.go:30	GET/static/css/bootstrap.min.css.map
2022-08-12T14:05:26.708+0800	INFO	middleware/middleware.go:30	GET/static/js/bootstrap.bundle.min.js.map
2022-08-12T14:05:57.458+0800	INFO	middleware/middleware.go:30	GET/admin/users
2022-08-12T14:05:57.458+0800	INFO	render/render.go:86	matchs=>> [templates/admin.page.tmpl]
2022-08-12T14:05:57.511+0800	INFO	middleware/middleware.go:30	GET/static/css/bootstrap.min.css.map
2022-08-12T14:05:57.520+0800	INFO	middleware/middleware.go:30	GET/static/js/bootstrap.bundle.min.js.map
2022-08-12T14:06:25.810+0800	INFO	middleware/middleware.go:30	GET/admin/users
2022-08-12T14:06:25.810+0800	INFO	render/render.go:86	matchs=>> [templates/admin.page.tmpl]
2022-08-12T14:06:25.862+0800	INFO	middleware/middleware.go:30	GET/static/css/bootstrap.min.css.map
2022-08-12T14:06:25.871+0800	INFO	middleware/middleware.go:30	GET/static/js/bootstrap.bundle.min.js.map
2022-08-12T14:06:35.252+0800	INFO	middleware/middleware.go:30	GET/admin/users
2022-08-12T14:06:35.252+0800	INFO	render/render.go:86	matchs=>> [templates/admin.page.tmpl]
2022-08-12T14:06:35.309+0800	INFO	middleware/middleware.go:30	GET/static/css/bootstrap.min.css.map
2022-08-12T14:06:35.319+0800	INFO	middleware/middleware.go:30	GET/static/js/bootstrap.bundle.min.js.map
2022-08-12T14:09:56.398+0800	INFO	middleware/middleware.go:30	GET/admin/users
2022-08-12T14:09:56.398+0800	INFO	render/render.go:86	matchs=>> [templates/admin.page.tmpl]
2022-08-12T14:09:56.456+0800	INFO	middleware/middleware.go:30	GET/static/css/bootstrap.min.css.map
2022-08-12T14:09:56.474+0800	INFO	middleware/middleware.go:30	GET/static/js/bootstrap.bundle.min.js.map
2022-08-12T14:13:58.560+0800	INFO	middleware/middleware.go:30	GET/admin/users
2022-08-12T14:13:58.560+0800	INFO	render/render.go:86	matchs=>> [templates/admin.page.tmpl]
2022-08-12T14:13:58.615+0800	INFO	middleware/middleware.go:30	GET/static/css/bootstrap.min.css.map
2022-08-12T14:13:58.631+0800	INFO	middleware/middleware.go:30	GET/static/js/bootstrap.bundle.min.js.map
2022-08-12T14:14:56.852+0800	INFO	middleware/middleware.go:30	GET/admin/users
2022-08-12T14:14:56.852+0800	INFO	render/render.go:86	matchs=>> [templates/admin.page.tmpl]
2022-08-12T14:14:56.910+0800	INFO	middleware/middleware.go:30	GET/static/css/bootstrap.min.css.map
2022-08-12T14:14:56.930+0800	INFO	middleware/middleware.go:30	GET/static/js/bootstrap.bundle.min.js.map
2022-08-12T14:16:09.064+0800	INFO	middleware/middleware.go:30	GET/admin/users
2022-08-12T14:16:09.065+0800	INFO	render/render.go:86	matchs=>> [templates/admin.page.tmpl]
2022-08-12T14:16:09.122+0800	INFO	middleware/middleware.go:30	GET/static/css/bootstrap.min.css.map
2022-08-12T14:16:09.141+0800	INFO	middleware/middleware.go:30	GET/static/js/bootstrap.bundle.min.js.map
2022-08-12T14:18:21.083+0800	INFO	middleware/middleware.go:30	GET/admin/users
2022-08-12T14:18:21.083+0800	INFO	render/render.go:86	matchs=>> [templates/admin.page.tmpl]
2022-08-12T14:18:21.148+0800	INFO	middleware/middleware.go:30	GET/static/css/bootstrap.min.css.map
2022-08-12T14:18:21.160+0800	INFO	middleware/middleware.go:30	GET/static/js/bootstrap.bundle.min.js.map
2022-08-12T14:19:39.752+0800	INFO	middleware/middleware.go:30	GET/admin/users
2022-08-12T14:19:39.752+0800	INFO	render/render.go:86	matchs=>> [templates/admin.page.tmpl]
2022-08-12T14:19:39.814+0800	INFO	middleware/middleware.go:30	GET/static/css/bootstrap.min.css.map
2022-08-12T14:19:39.821+0800	INFO	middleware/middleware.go:30	GET/static/js/bootstrap.bundle.min.js.map
2022-08-12T14:19:57.863+0800	INFO	middleware/middleware.go:30	GET/admin/users
2022-08-12T14:19:57.863+0800	INFO	render/render.go:86	matchs=>> [templates/admin.page.tmpl]
2022-08-12T14:19:57.913+0800	INFO	middleware/middleware.go:30	GET/static/css/bootstrap.min.css.map
2022-08-12T14:19:57.932+0800	INFO	middleware/middleware.go:30	GET/static/js/bootstrap.bundle.min.js.map
2022-08-12T14:20:38.959+0800	INFO	middleware/middleware.go:30	GET/admin/users
2022-08-12T14:20:38.959+0800	INFO	render/render.go:86	matchs=>> [templates/admin.page.tmpl]
2022-08-12T14:20:39.032+0800	INFO	middleware/middleware.go:30	GET/static/css/bootstrap.min.css.map
2022-08-12T14:20:39.067+0800	INFO	middleware/middleware.go:30	GET/static/js/bootstrap.bundle.min.js.map
2022-08-12T14:20:42.568+0800	INFO	middleware/middleware.go:30	GET/admin/users
2022-08-12T14:20:42.568+0800	INFO	render/render.go:86	matchs=>> [templates/admin.page.tmpl]
2022-08-12T14:20:42.626+0800	INFO	middleware/middleware.go:30	GET/static/css/bootstrap.min.css.map
2022-08-12T14:20:42.643+0800	INFO	middleware/middleware.go:30	GET/static/js/bootstrap.bundle.min.js.map
2022-08-12T14:21:57.143+0800	INFO	middleware/middleware.go:30	GET/admin/users
2022-08-12T14:21:57.143+0800	INFO	render/render.go:86	matchs=>> [templates/admin.page.tmpl]
2022-08-12T14:21:57.205+0800	INFO	middleware/middleware.go:30	GET/static/css/bootstrap.min.css.map
2022-08-12T14:21:57.216+0800	INFO	middleware/middleware.go:30	GET/static/js/bootstrap.bundle.min.js.map
2022-08-12T14:21:59.318+0800	INFO	middleware/middleware.go:30	GET/admin/users
2022-08-12T14:21:59.319+0800	INFO	render/render.go:86	matchs=>> [templates/admin.page.tmpl]
2022-08-12T14:21:59.366+0800	INFO	middleware/middleware.go:30	GET/static/css/bootstrap.min.css.map
2022-08-12T14:21:59.386+0800	INFO	middleware/middleware.go:30	GET/static/js/bootstrap.bundle.min.js.map
2022-08-12T14:21:59.544+0800	INFO	middleware/middleware.go:30	GET/admin/users
2022-08-12T14:21:59.544+0800	INFO	render/render.go:86	matchs=>> [templates/admin.page.tmpl]
2022-08-12T14:21:59.595+0800	INFO	middleware/middleware.go:30	GET/static/css/bootstrap.min.css.map
2022-08-12T14:21:59.602+0800	INFO	middleware/middleware.go:30	GET/static/js/bootstrap.bundle.min.js.map
2022-08-12T14:21:59.832+0800	INFO	middleware/middleware.go:30	GET/admin/users
2022-08-12T14:21:59.833+0800	INFO	render/render.go:86	matchs=>> [templates/admin.page.tmpl]
2022-08-12T14:21:59.877+0800	INFO	middleware/middleware.go:30	GET/static/css/bootstrap.min.css.map
2022-08-12T14:21:59.885+0800	INFO	middleware/middleware.go:30	GET/static/js/bootstrap.bundle.min.js.map
2022-08-12T14:22:18.958+0800	INFO	middleware/middleware.go:30	GET/admin/users
2022-08-12T14:22:18.958+0800	INFO	render/render.go:86	matchs=>> [templates/admin.page.tmpl]
2022-08-12T14:22:19.024+0800	INFO	middleware/middleware.go:30	GET/static/css/bootstrap.min.css.map
2022-08-12T14:22:19.055+0800	INFO	middleware/middleware.go:30	GET/static/js/bootstrap.bundle.min.js.map
2022-08-12T14:22:32.967+0800	INFO	middleware/middleware.go:30	GET/admin/users
2022-08-12T14:22:32.967+0800	INFO	render/render.go:86	matchs=>> [templates/admin.page.tmpl]
2022-08-12T14:22:33.012+0800	INFO	middleware/middleware.go:30	GET/static/css/bootstrap.min.css.map
2022-08-12T14:22:33.021+0800	INFO	middleware/middleware.go:30	GET/static/js/bootstrap.bundle.min.js.map
2022-08-12T14:22:46.449+0800	INFO	middleware/middleware.go:30	GET/admin/users
2022-08-12T14:22:46.449+0800	INFO	render/render.go:86	matchs=>> [templates/admin.page.tmpl]
2022-08-12T14:22:46.494+0800	INFO	middleware/middleware.go:30	GET/static/css/bootstrap.min.css.map
2022-08-12T14:22:46.502+0800	INFO	middleware/middleware.go:30	GET/static/js/bootstrap.bundle.min.js.map
2022-08-12T14:24:35.422+0800	INFO	middleware/middleware.go:30	GET/admin/users
2022-08-12T14:24:35.422+0800	INFO	render/render.go:86	matchs=>> [templates/admin.page.tmpl]
2022-08-12T14:24:35.468+0800	INFO	middleware/middleware.go:30	GET/static/css/bootstrap.min.css.map
2022-08-12T14:24:35.495+0800	INFO	middleware/middleware.go:30	GET/static/js/bootstrap.bundle.min.js.map
2022-08-12T14:25:27.317+0800	INFO	middleware/middleware.go:30	GET/admin/users
2022-08-12T14:25:27.318+0800	INFO	render/render.go:86	matchs=>> [templates/admin.page.tmpl]
2022-08-12T14:25:27.395+0800	INFO	middleware/middleware.go:30	GET/static/css/bootstrap.min.css.map
2022-08-12T14:25:27.402+0800	INFO	middleware/middleware.go:30	GET/static/js/bootstrap.bundle.min.js.map
2022-08-12T14:28:59.437+0800	INFO	middleware/middleware.go:30	GET/admin/users
2022-08-12T14:28:59.437+0800	INFO	render/render.go:86	matchs=>> [templates/admin.page.tmpl]
2022-08-12T14:28:59.513+0800	INFO	middleware/middleware.go:30	GET/static/css/bootstrap.min.css.map
2022-08-12T14:28:59.543+0800	INFO	middleware/middleware.go:30	GET/static/js/bootstrap.bundle.min.js.map
2022-08-12T14:30:59.933+0800	INFO	middleware/middleware.go:30	GET/admin/users
2022-08-12T14:30:59.934+0800	INFO	render/render.go:86	matchs=>> [templates/admin.page.tmpl]
2022-08-12T14:31:00.003+0800	INFO	middleware/middleware.go:30	GET/static/css/bootstrap.min.css.map
2022-08-12T14:31:00.035+0800	INFO	middleware/middleware.go:30	GET/static/js/bootstrap.bundle.min.js.map
2022-08-12T14:31:34.756+0800	INFO	middleware/middleware.go:30	GET/admin/users
2022-08-12T14:31:34.756+0800	INFO	render/render.go:86	matchs=>> [templates/admin.page.tmpl]
2022-08-12T14:31:34.805+0800	INFO	middleware/middleware.go:30	GET/static/css/bootstrap.min.css.map
2022-08-12T14:31:34.817+0800	INFO	middleware/middleware.go:30	GET/static/js/bootstrap.bundle.min.js.map
2022-08-12T14:32:09.605+0800	INFO	middleware/middleware.go:30	GET/admin/users
2022-08-12T14:32:09.605+0800	INFO	render/render.go:86	matchs=>> [templates/admin.page.tmpl]
2022-08-12T14:32:09.657+0800	INFO	middleware/middleware.go:30	GET/static/css/bootstrap.min.css.map
2022-08-12T14:32:09.684+0800	INFO	middleware/middleware.go:30	GET/static/js/bootstrap.bundle.min.js.map
2022-08-12T14:33:53.740+0800	INFO	middleware/middleware.go:30	GET/admin/users
2022-08-12T14:33:53.740+0800	INFO	render/render.go:86	matchs=>> [templates/admin.page.tmpl]
2022-08-12T14:33:53.816+0800	INFO	middleware/middleware.go:30	GET/static/css/bootstrap.min.css.map
2022-08-12T14:33:53.829+0800	INFO	middleware/middleware.go:30	GET/static/js/bootstrap.bundle.min.js.map
2022-08-12T14:34:29.939+0800	INFO	middleware/middleware.go:30	GET/admin/users
2022-08-12T14:34:29.940+0800	INFO	render/render.go:86	matchs=>> [templates/admin.page.tmpl]
2022-08-12T14:34:30.007+0800	INFO	middleware/middleware.go:30	GET/static/css/bootstrap.min.css.map
2022-08-12T14:34:30.047+0800	INFO	middleware/middleware.go:30	GET/static/js/bootstrap.bundle.min.js.map
2022-08-12T14:34:30.916+0800	INFO	middleware/middleware.go:30	GET/admin/users
2022-08-12T14:34:30.916+0800	INFO	render/render.go:86	matchs=>> [templates/admin.page.tmpl]
2022-08-12T14:34:30.966+0800	INFO	middleware/middleware.go:30	GET/static/css/bootstrap.min.css.map
2022-08-12T14:34:30.994+0800	INFO	middleware/middleware.go:30	GET/static/js/bootstrap.bundle.min.js.map
2022-08-12T14:35:22.060+0800	INFO	middleware/middleware.go:30	GET/admin/users
2022-08-12T14:35:22.060+0800	INFO	render/render.go:86	matchs=>> [templates/admin.page.tmpl]
2022-08-12T14:35:22.109+0800	INFO	middleware/middleware.go:30	GET/static/css/bootstrap.min.css.map
2022-08-12T14:35:22.117+0800	INFO	middleware/middleware.go:30	GET/static/js/bootstrap.bundle.min.js.map
2022-08-12T14:36:33.147+0800	INFO	middleware/middleware.go:30	GET/admin/users
2022-08-12T14:36:33.148+0800	INFO	render/render.go:86	matchs=>> [templates/admin.page.tmpl]
2022-08-12T14:36:33.208+0800	INFO	middleware/middleware.go:30	GET/static/css/bootstrap.min.css.map
2022-08-12T14:36:33.219+0800	INFO	middleware/middleware.go:30	GET/static/js/bootstrap.bundle.min.js.map
2022-08-12T14:36:35.683+0800	INFO	middleware/middleware.go:30	GET/admin/users
2022-08-12T14:36:35.684+0800	INFO	render/render.go:86	matchs=>> [templates/admin.page.tmpl]
2022-08-12T14:36:35.733+0800	INFO	middleware/middleware.go:30	GET/static/css/bootstrap.min.css.map
2022-08-12T14:36:35.796+0800	INFO	middleware/middleware.go:30	GET/static/js/bootstrap.bundle.min.js.map
2022-08-12T14:37:06.955+0800	INFO	middleware/middleware.go:30	GET/admin/users
2022-08-12T14:37:06.955+0800	INFO	render/render.go:86	matchs=>> [templates/admin.page.tmpl]
2022-08-12T14:37:07.007+0800	INFO	middleware/middleware.go:30	GET/static/css/bootstrap.min.css.map
2022-08-12T14:37:07.017+0800	INFO	middleware/middleware.go:30	GET/static/js/bootstrap.bundle.min.js.map
2022-08-12T14:37:09.251+0800	INFO	middleware/middleware.go:30	GET/admin/users
2022-08-12T14:37:09.251+0800	INFO	render/render.go:86	matchs=>> [templates/admin.page.tmpl]
2022-08-12T14:37:09.319+0800	INFO	middleware/middleware.go:30	GET/static/css/bootstrap.min.css.map
2022-08-12T14:37:09.344+0800	INFO	middleware/middleware.go:30	GET/static/js/bootstrap.bundle.min.js.map
2022-08-12T14:37:09.812+0800	INFO	middleware/middleware.go:30	GET/admin/users
2022-08-12T14:37:09.812+0800	INFO	render/render.go:86	matchs=>> [templates/admin.page.tmpl]
2022-08-12T14:37:09.862+0800	INFO	middleware/middleware.go:30	GET/static/css/bootstrap.min.css.map
2022-08-12T14:37:09.873+0800	INFO	middleware/middleware.go:30	GET/static/js/bootstrap.bundle.min.js.map
2022-08-12T14:37:20.571+0800	INFO	middleware/middleware.go:30	GET/admin/users
2022-08-12T14:37:20.571+0800	INFO	render/render.go:86	matchs=>> [templates/admin.page.tmpl]
2022-08-12T14:37:20.620+0800	INFO	middleware/middleware.go:30	GET/static/css/bootstrap.min.css.map
2022-08-12T14:37:20.662+0800	INFO	middleware/middleware.go:30	GET/static/js/bootstrap.bundle.min.js.map
2022-08-12T14:37:47.300+0800	INFO	middleware/middleware.go:30	GET/admin/users
2022-08-12T14:37:47.300+0800	INFO	render/render.go:86	matchs=>> [templates/admin.page.tmpl]
2022-08-12T14:37:47.361+0800	INFO	middleware/middleware.go:30	GET/static/css/bootstrap.min.css.map
2022-08-12T14:37:47.374+0800	INFO	middleware/middleware.go:30	GET/static/js/bootstrap.bundle.min.js.map
2022-08-12T14:38:26.323+0800	INFO	middleware/middleware.go:30	GET/admin/users
2022-08-12T14:38:26.323+0800	INFO	render/render.go:86	matchs=>> [templates/admin.page.tmpl]
2022-08-12T14:38:26.403+0800	INFO	middleware/middleware.go:30	GET/static/css/bootstrap.min.css.map
2022-08-12T14:38:26.413+0800	INFO	middleware/middleware.go:30	GET/static/js/bootstrap.bundle.min.js.map
2022-08-12T14:38:28.227+0800	INFO	middleware/middleware.go:30	GET/admin/users
2022-08-12T14:38:28.227+0800	INFO	render/render.go:86	matchs=>> [templates/admin.page.tmpl]
2022-08-12T14:38:28.275+0800	INFO	middleware/middleware.go:30	GET/static/css/bootstrap.min.css.map
2022-08-12T14:38:28.303+0800	INFO	middleware/middleware.go:30	GET/static/js/bootstrap.bundle.min.js.map
2022-08-12T14:38:28.700+0800	INFO	middleware/middleware.go:30	GET/admin/users
2022-08-12T14:38:28.700+0800	INFO	render/render.go:86	matchs=>> [templates/admin.page.tmpl]
2022-08-12T14:38:28.749+0800	INFO	middleware/middleware.go:30	GET/static/css/bootstrap.min.css.map
2022-08-12T14:38:28.762+0800	INFO	middleware/middleware.go:30	GET/static/js/bootstrap.bundle.min.js.map
2022-08-12T14:38:42.099+0800	INFO	middleware/middleware.go:30	GET/admin/users
2022-08-12T14:38:42.099+0800	INFO	render/render.go:86	matchs=>> [templates/admin.page.tmpl]
2022-08-12T14:38:42.149+0800	INFO	middleware/middleware.go:30	GET/static/css/bootstrap.min.css.map
2022-08-12T14:38:42.180+0800	INFO	middleware/middleware.go:30	GET/static/js/bootstrap.bundle.min.js.map
2022-08-12T14:38:58.090+0800	INFO	middleware/middleware.go:30	GET/admin/users
2022-08-12T14:38:58.091+0800	INFO	render/render.go:86	matchs=>> [templates/admin.page.tmpl]
2022-08-12T14:38:58.175+0800	INFO	middleware/middleware.go:30	GET/static/css/bootstrap.min.css.map
2022-08-12T14:38:58.205+0800	INFO	middleware/middleware.go:30	GET/static/js/bootstrap.bundle.min.js.map
2022-08-12T14:41:24.041+0800	INFO	middleware/middleware.go:30	GET/admin/users
2022-08-12T14:41:24.042+0800	INFO	render/render.go:86	matchs=>> [templates/admin.page.tmpl]
2022-08-12T14:41:24.061+0800	INFO	middleware/middleware.go:30	GET/static/css/bootstrap.min.css
2022-08-12T14:44:39.665+0800	INFO	middleware/middleware.go:30	GET/admin/users
2022-08-12T14:44:39.665+0800	INFO	render/render.go:86	matchs=>> [templates/admin.page.tmpl]
2022-08-12T14:44:39.687+0800	INFO	middleware/middleware.go:30	GET/static/js/bootstrap.bundle.min.js
2022-08-12T14:44:57.969+0800	INFO	middleware/middleware.go:30	GET/admin/users
2022-08-12T14:44:57.969+0800	INFO	render/render.go:86	matchs=>> [templates/admin.page.tmpl]
2022-08-12T14:46:39.600+0800	INFO	middleware/middleware.go:30	GET/admin/users
2022-08-12T14:46:39.600+0800	INFO	render/render.go:86	matchs=>> [templates/admin.page.tmpl]
2022-08-12T14:46:52.672+0800	INFO	middleware/middleware.go:30	GET/admin/users
2022-08-12T14:46:52.672+0800	INFO	render/render.go:86	matchs=>> [templates/admin.page.tmpl]
2022-08-12T14:47:26.656+0800	INFO	middleware/middleware.go:30	GET/admin/users
2022-08-12T14:47:26.656+0800	INFO	render/render.go:86	matchs=>> [templates/admin.page.tmpl]
2022-08-12T14:47:37.072+0800	INFO	middleware/middleware.go:30	GET/admin/users
2022-08-12T14:47:37.072+0800	INFO	render/render.go:86	matchs=>> [templates/admin.page.tmpl]
2022-08-12T14:48:35.521+0800	INFO	middleware/middleware.go:30	GET/admin/users
2022-08-12T14:48:35.522+0800	INFO	render/render.go:86	matchs=>> [templates/admin.page.tmpl]
2022-08-12T14:49:51.048+0800	INFO	middleware/middleware.go:30	GET/admin/users
2022-08-12T14:49:51.048+0800	INFO	render/render.go:86	matchs=>> [templates/admin.page.tmpl]
2022-08-12T14:50:20.639+0800	INFO	middleware/middleware.go:30	GET/admin/users
2022-08-12T14:50:20.639+0800	INFO	render/render.go:86	matchs=>> [templates/admin.page.tmpl]
2022-08-12T14:51:09.607+0800	INFO	middleware/middleware.go:30	GET/admin/users
2022-08-12T14:51:09.607+0800	INFO	render/render.go:86	matchs=>> [templates/admin.page.tmpl]
2022-08-12T14:52:00.903+0800	INFO	middleware/middleware.go:30	GET/admin/users
2022-08-12T14:52:00.904+0800	INFO	render/render.go:86	matchs=>> [templates/admin.page.tmpl]
2022-08-12T14:52:09.697+0800	INFO	middleware/middleware.go:30	GET/admin/users
2022-08-12T14:52:09.697+0800	INFO	render/render.go:86	matchs=>> [templates/admin.page.tmpl]
2022-08-12T14:52:11.023+0800	INFO	middleware/middleware.go:30	GET/admin/users
2022-08-12T14:52:11.023+0800	INFO	render/render.go:86	matchs=>> [templates/admin.page.tmpl]
2022-08-12T14:52:25.135+0800	INFO	middleware/middleware.go:30	GET/admin/users
2022-08-12T14:52:25.135+0800	INFO	render/render.go:86	matchs=>> [templates/admin.page.tmpl]
2022-08-12T14:52:34.828+0800	INFO	middleware/middleware.go:30	GET/static/js/bootstrap.bundle.min.js.map
2022-08-12T14:52:34.832+0800	INFO	middleware/middleware.go:30	GET/static/css/bootstrap.min.css.map
2022-08-12T14:53:04.081+0800	INFO	middleware/middleware.go:30	GET/admin/users
2022-08-12T14:53:04.081+0800	INFO	render/render.go:86	matchs=>> [templates/admin.page.tmpl]
2022-08-12T14:53:04.132+0800	INFO	middleware/middleware.go:30	GET/static/css/bootstrap.min.css.map
2022-08-12T14:53:04.135+0800	INFO	middleware/middleware.go:30	GET/static/js/bootstrap.bundle.min.js.map
2022-08-12T14:55:05.288+0800	INFO	middleware/middleware.go:30	GET/admin/users
2022-08-12T14:55:05.289+0800	INFO	render/render.go:86	matchs=>> [templates/users.page.tmpl]
2022-08-12T14:55:25.882+0800	INFO	render/render.go:86	matchs=>> [templates/users.page.tmpl]
2022-08-12T14:55:27.771+0800	INFO	middleware/middleware.go:30	GET/admin/users
2022-08-12T14:55:27.771+0800	INFO	render/render.go:86	matchs=>> [templates/users.page.tmpl]
2022-08-12T14:55:29.935+0800	INFO	middleware/middleware.go:30	GET/admin/users
2022-08-12T14:55:29.935+0800	INFO	render/render.go:86	matchs=>> [templates/users.page.tmpl]
2022-08-12T14:55:48.663+0800	INFO	middleware/middleware.go:30	GET/admin/users
2022-08-12T14:55:48.663+0800	INFO	render/render.go:86	matchs=>> [templates/users.page.tmpl]
2022-08-12T14:55:53.601+0800	INFO	render/render.go:86	matchs=>> [templates/users.page.tmpl]
2022-08-12T14:55:54.970+0800	INFO	middleware/middleware.go:30	GET/admin/users
2022-08-12T14:55:54.970+0800	INFO	render/render.go:86	matchs=>> [templates/users.page.tmpl]
2022-08-12T14:55:55.017+0800	INFO	middleware/middleware.go:30	GET/static/css/bootstrap.min.css.map
2022-08-12T14:55:55.034+0800	INFO	middleware/middleware.go:30	GET/static/js/bootstrap.bundle.min.js.map
2022-08-12T15:07:32.024+0800	INFO	render/render.go:86	matchs=>> [templates/users.page.tmpl]
2022-08-12T15:07:37.571+0800	INFO	middleware/middleware.go:30	GET/admin/users
2022-08-12T15:07:37.572+0800	INFO	render/render.go:86	matchs=>> [templates/users.page.tmpl]
2022-08-12T15:07:37.624+0800	INFO	middleware/middleware.go:30	GET/static/css/bootstrap.min.css.map
2022-08-12T15:07:37.633+0800	INFO	middleware/middleware.go:30	GET/static/js/bootstrap.bundle.min.js.map
2022-08-12T15:08:51.141+0800	INFO	middleware/middleware.go:30	GET/admin/users
2022-08-12T15:08:51.141+0800	INFO	render/render.go:86	matchs=>> [templates/users.page.tmpl]
2022-08-12T15:08:51.198+0800	INFO	middleware/middleware.go:30	GET/static/css/bootstrap.min.css.map
2022-08-12T15:08:51.214+0800	INFO	middleware/middleware.go:30	GET/static/js/bootstrap.bundle.min.js.map
2022-08-12T15:08:56.761+0800	INFO	render/render.go:86	matchs=>> [templates/users.page.tmpl]
2022-08-12T15:08:59.840+0800	INFO	middleware/middleware.go:30	GET/admin/users
2022-08-12T15:08:59.840+0800	INFO	render/render.go:86	matchs=>> [templates/users.page.tmpl]
2022-08-12T15:08:59.911+0800	INFO	middleware/middleware.go:30	GET/static/css/bootstrap.min.css.map
2022-08-12T15:08:59.921+0800	INFO	middleware/middleware.go:30	GET/static/js/bootstrap.bundle.min.js.map
2022-08-12T15:10:07.796+0800	INFO	render/render.go:86	matchs=>> [templates/users.page.tmpl]
2022-08-12T15:10:09.826+0800	INFO	middleware/middleware.go:30	GET/admin/users
2022-08-12T15:10:09.826+0800	INFO	render/render.go:86	matchs=>> [templates/users.page.tmpl]
2022-08-12T15:10:09.880+0800	INFO	middleware/middleware.go:30	GET/static/css/bootstrap.min.css.map
2022-08-12T15:10:09.883+0800	INFO	middleware/middleware.go:30	GET/static/js/bootstrap.bundle.min.js.map
2022-08-12T15:10:23.363+0800	INFO	middleware/middleware.go:30	GET/admin/users
2022-08-12T15:10:23.364+0800	INFO	render/render.go:86	matchs=>> [templates/users.page.tmpl]
2022-08-12T15:10:23.416+0800	INFO	middleware/middleware.go:30	GET/static/css/bootstrap.min.css.map
2022-08-12T15:10:23.426+0800	INFO	middleware/middleware.go:30	GET/static/js/bootstrap.bundle.min.js.map
2022-08-12T15:10:44.156+0800	INFO	middleware/middleware.go:30	GET/admin/users
2022-08-12T15:10:44.156+0800	INFO	render/render.go:86	matchs=>> [templates/users.page.tmpl]
2022-08-12T15:10:44.206+0800	INFO	middleware/middleware.go:30	GET/static/css/bootstrap.min.css.map
2022-08-12T15:10:44.213+0800	INFO	middleware/middleware.go:30	GET/static/js/bootstrap.bundle.min.js.map
2022-08-12T15:11:13.160+0800	INFO	render/render.go:86	matchs=>> [templates/users.page.tmpl]
2022-08-12T15:11:14.871+0800	INFO	middleware/middleware.go:30	GET/admin/users
2022-08-12T15:11:14.871+0800	INFO	render/render.go:86	matchs=>> [templates/users.page.tmpl]
2022-08-12T15:11:14.928+0800	INFO	middleware/middleware.go:30	GET/static/css/bootstrap.min.css.map
2022-08-12T15:11:14.932+0800	INFO	middleware/middleware.go:30	GET/static/js/bootstrap.bundle.min.js.map
2022-08-12T15:11:17.941+0800	INFO	middleware/middleware.go:30	GET/admin/users
2022-08-12T15:11:17.941+0800	INFO	render/render.go:86	matchs=>> [templates/users.page.tmpl]
2022-08-12T15:11:17.985+0800	INFO	middleware/middleware.go:30	GET/static/css/bootstrap.min.css.map
2022-08-12T15:11:17.989+0800	INFO	middleware/middleware.go:30	GET/static/js/bootstrap.bundle.min.js.map
2022-08-12T15:13:24.992+0800	INFO	render/render.go:86	matchs=>> [templates/users.page.tmpl]
2022-08-12T15:13:27.707+0800	INFO	middleware/middleware.go:30	GET/admin/users
2022-08-12T15:13:27.707+0800	INFO	handlers/adminPages.go:29	users >>> []
2022-08-12T15:13:27.707+0800	INFO	render/render.go:86	matchs=>> [templates/users.page.tmpl]
2022-08-12T15:13:27.761+0800	INFO	middleware/middleware.go:30	GET/static/css/bootstrap.min.css.map
2022-08-12T15:13:27.765+0800	INFO	middleware/middleware.go:30	GET/static/js/bootstrap.bundle.min.js.map
2022-08-12T15:23:03.014+0800	INFO	render/render.go:86	matchs=>> [templates/users.page.tmpl]
2022-08-12T15:23:06.086+0800	INFO	middleware/middleware.go:30	GET/admin/users
2022-08-12T15:23:06.087+0800	INFO	middleware/middleware.go:30	GET/admin/users
2022-08-12T15:23:06.091+0800	INFO	middleware/middleware.go:30	GET/admin/users
2022-08-12T15:23:07.138+0800	INFO	middleware/middleware.go:30	GET/admin/users
2022-08-12T15:23:07.140+0800	INFO	middleware/middleware.go:30	GET/admin/users
2022-08-12T15:23:07.144+0800	INFO	middleware/middleware.go:30	GET/admin/users
2022-08-12T15:23:12.176+0800	INFO	middleware/middleware.go:30	GET/admin/users
2022-08-12T15:23:12.178+0800	INFO	middleware/middleware.go:30	GET/admin/users
2022-08-12T15:23:12.183+0800	INFO	middleware/middleware.go:30	GET/admin/users
2022-08-12T15:23:42.212+0800	INFO	middleware/middleware.go:30	GET/admin/users
2022-08-12T15:23:42.213+0800	INFO	middleware/middleware.go:30	GET/admin/users
2022-08-12T15:23:42.217+0800	INFO	middleware/middleware.go:30	GET/admin/users
2022-08-12T15:24:42.243+0800	INFO	middleware/middleware.go:30	GET/admin/users
2022-08-12T15:24:42.244+0800	INFO	middleware/middleware.go:30	GET/admin/users
2022-08-12T15:24:42.248+0800	INFO	middleware/middleware.go:30	GET/admin/users
2022-08-12T15:29:42.273+0800	INFO	middleware/middleware.go:30	GET/admin/users
2022-08-12T15:29:42.274+0800	INFO	middleware/middleware.go:30	GET/admin/users
2022-08-12T15:29:42.279+0800	INFO	middleware/middleware.go:30	GET/admin/users
2022-08-12T15:37:37.770+0800	INFO	middleware/middleware.go:30	GET/admin/users
2022-08-12T15:37:37.772+0800	INFO	middleware/middleware.go:30	GET/admin/users
2022-08-12T15:37:37.777+0800	INFO	middleware/middleware.go:30	GET/admin/users
2022-08-12T15:37:38.804+0800	INFO	middleware/middleware.go:30	GET/admin/users
2022-08-12T15:37:38.805+0800	INFO	middleware/middleware.go:30	GET/admin/users
2022-08-12T15:37:38.809+0800	INFO	middleware/middleware.go:30	GET/admin/users
2022-08-12T15:37:39.144+0800	INFO	middleware/middleware.go:30	GET/admin/users
2022-08-12T15:37:39.145+0800	INFO	middleware/middleware.go:30	GET/admin/users
2022-08-12T15:37:39.150+0800	INFO	middleware/middleware.go:30	GET/admin/users
2022-08-12T15:37:40.392+0800	INFO	middleware/middleware.go:30	GET/admin/users
2022-08-12T15:37:40.393+0800	INFO	middleware/middleware.go:30	GET/admin/users
2022-08-12T15:37:40.397+0800	INFO	middleware/middleware.go:30	GET/admin/users
2022-08-12T15:37:45.424+0800	INFO	middleware/middleware.go:30	GET/admin/users
2022-08-12T15:37:45.428+0800	INFO	middleware/middleware.go:30	GET/admin/users
2022-08-12T15:37:45.433+0800	INFO	middleware/middleware.go:30	GET/admin/users
2022-08-12T15:38:15.472+0800	INFO	middleware/middleware.go:30	GET/admin/users
2022-08-12T15:38:15.473+0800	INFO	middleware/middleware.go:30	GET/admin/users
2022-08-12T15:38:15.477+0800	INFO	middleware/middleware.go:30	GET/admin/users
2022-08-12T15:39:15.516+0800	INFO	middleware/middleware.go:30	GET/admin/users
2022-08-12T15:39:15.517+0800	INFO	middleware/middleware.go:30	GET/admin/users
2022-08-12T15:39:15.522+0800	INFO	middleware/middleware.go:30	GET/admin/users
2022-08-12T15:41:05.143+0800	INFO	render/render.go:86	matchs=>> [templates/users.page.tmpl]
2022-08-12T15:41:10.944+0800	INFO	middleware/middleware.go:30	GET/admin/users
2022-08-12T15:41:10.944+0800	INFO	dbrepo/user.go:28	>>>>DB: <nil>
2022-08-12T15:41:10.944+0800	INFO	handlers/adminPages.go:30	users >>> []
2022-08-12T15:41:10.944+0800	INFO	render/render.go:86	matchs=>> [templates/users.page.tmpl]
2022-08-12T15:41:11.061+0800	INFO	middleware/middleware.go:30	GET/static/css/bootstrap.min.css.map
2022-08-12T15:41:11.072+0800	INFO	middleware/middleware.go:30	GET/static/js/bootstrap.bundle.min.js.map
2022-08-12T15:41:52.383+0800	INFO	render/render.go:86	matchs=>> [templates/users.page.tmpl]
2022-08-12T15:41:55.491+0800	INFO	middleware/middleware.go:30	GET/admin/users
2022-08-12T15:41:55.492+0800	INFO	middleware/middleware.go:30	GET/admin/users
2022-08-12T15:41:55.495+0800	INFO	middleware/middleware.go:30	GET/admin/users
2022-08-12T15:41:56.529+0800	INFO	middleware/middleware.go:30	GET/admin/users
2022-08-12T15:41:56.530+0800	INFO	middleware/middleware.go:30	GET/admin/users
2022-08-12T15:41:56.534+0800	INFO	middleware/middleware.go:30	GET/admin/users
2022-08-12T15:42:01.561+0800	INFO	middleware/middleware.go:30	GET/admin/users
2022-08-12T15:42:01.562+0800	INFO	middleware/middleware.go:30	GET/admin/users
2022-08-12T15:42:01.566+0800	INFO	middleware/middleware.go:30	GET/admin/users
2022-08-12T15:42:19.316+0800	INFO	render/render.go:86	matchs=>> [templates/users.page.tmpl]
2022-08-12T15:42:23.822+0800	INFO	middleware/middleware.go:30	GET/admin/users
2022-08-12T15:42:23.822+0800	INFO	dbrepo/user.go:28	>>>>DB: <nil>
2022-08-12T15:42:23.822+0800	INFO	handlers/adminPages.go:30	users >>> []
2022-08-12T15:42:23.822+0800	INFO	render/render.go:86	matchs=>> [templates/users.page.tmpl]
2022-08-12T15:42:23.914+0800	INFO	middleware/middleware.go:30	GET/static/css/bootstrap.min.css.map
2022-08-12T15:42:23.925+0800	INFO	middleware/middleware.go:30	GET/static/js/bootstrap.bundle.min.js.map
2022-08-12T15:42:55.166+0800	INFO	middleware/middleware.go:30	GET/admin/users
2022-08-12T15:42:55.166+0800	INFO	dbrepo/user.go:28	>>>>DB: <nil>
2022-08-12T15:42:55.166+0800	INFO	handlers/adminPages.go:30	users >>> []
2022-08-12T15:42:55.166+0800	INFO	render/render.go:86	matchs=>> [templates/users.page.tmpl]
2022-08-12T15:42:55.212+0800	INFO	middleware/middleware.go:30	GET/static/css/bootstrap.min.css.map
2022-08-12T15:42:55.216+0800	INFO	middleware/middleware.go:30	GET/static/js/bootstrap.bundle.min.js.map
2022-08-12T15:50:55.737+0800	INFO	render/render.go:86	matchs=>> [templates/users.page.tmpl]
2022-08-12T15:51:00.093+0800	INFO	middleware/middleware.go:30	GET/admin/users
2022-08-12T15:51:00.093+0800	INFO	dbrepo/user.go:28	>>>>DB: <nil>
2022-08-12T15:51:00.093+0800	INFO	handlers/adminPages.go:30	H.DB >>> <nil>
2022-08-12T15:51:00.093+0800	INFO	render/render.go:86	matchs=>> [templates/users.page.tmpl]
2022-08-12T15:51:00.146+0800	INFO	middleware/middleware.go:30	GET/static/css/bootstrap.min.css.map
2022-08-12T15:51:00.158+0800	INFO	middleware/middleware.go:30	GET/static/js/bootstrap.bundle.min.js.map
2022-08-12T15:52:51.238+0800	INFO	render/render.go:86	matchs=>> [templates/users.page.tmpl]
2022-08-12T15:52:51.238+0800	INFO	handlers/handlers.go:31	NewHandler DB>>> <nil>
2022-08-12T15:53:17.278+0800	INFO	render/render.go:86	matchs=>> [templates/users.page.tmpl]
2022-08-12T15:53:17.278+0800	INFO	handlers/handlers.go:30	NewHandler arg>>> <nil>
2022-08-12T15:53:17.278+0800	INFO	handlers/handlers.go:32	NewHandler DB>>> <nil>
2022-08-12T15:55:19.031+0800	INFO	app/app.go:67	Serve>> <nil>
2022-08-12T15:55:19.031+0800	INFO	render/render.go:86	matchs=>> [templates/users.page.tmpl]
2022-08-12T15:55:19.032+0800	INFO	handlers/handlers.go:30	NewHandler arg>>> <nil>
2022-08-12T15:55:19.032+0800	INFO	handlers/handlers.go:32	NewHandler DB>>> <nil>
2022-08-12T15:56:41.087+0800	INFO	app/app.go:68	Serve>> <nil>
2022-08-12T15:56:41.087+0800	INFO	render/render.go:86	matchs=>> [templates/users.page.tmpl]
2022-08-12T15:56:41.087+0800	INFO	handlers/handlers.go:30	NewHandler arg>>> <nil>
2022-08-12T15:56:41.087+0800	INFO	handlers/handlers.go:32	NewHandler DB>>> <nil>
2022-08-12T15:59:20.842+0800	INFO	app/app.go:72	Serve>> <nil>
2022-08-12T15:59:20.842+0800	INFO	render/render.go:86	matchs=>> [templates/users.page.tmpl]
2022-08-12T15:59:20.842+0800	INFO	handlers/handlers.go:30	NewHandler arg>>> <nil>
2022-08-12T15:59:20.842+0800	INFO	handlers/handlers.go:32	NewHandler DB>>> <nil>
2022-08-12T16:00:09.449+0800	INFO	app/app.go:72	Serve>> <nil>
2022-08-12T16:00:09.449+0800	INFO	render/render.go:86	matchs=>> [templates/users.page.tmpl]
2022-08-12T16:00:09.449+0800	INFO	handlers/handlers.go:30	NewHandler arg>>> <nil>
2022-08-12T16:00:09.449+0800	INFO	handlers/handlers.go:32	NewHandler DB>>> <nil>
2022-08-12T16:00:55.106+0800	INFO	app/app.go:72	Serve>> <nil>
2022-08-12T16:00:55.106+0800	INFO	render/render.go:86	matchs=>> [templates/users.page.tmpl]
2022-08-12T16:00:55.106+0800	INFO	handlers/handlers.go:30	NewHandler arg>>> <nil>
2022-08-12T16:00:55.106+0800	INFO	handlers/handlers.go:32	NewHandler DB>>> <nil>
2022-08-12T16:03:21.353+0800	INFO	app/app.go:72	Serve>> <nil>
2022-08-12T16:03:21.353+0800	INFO	render/render.go:86	matchs=>> [templates/users.page.tmpl]
2022-08-12T16:03:21.353+0800	INFO	handlers/handlers.go:30	NewHandler arg>>> <nil>
2022-08-12T16:03:21.353+0800	INFO	handlers/handlers.go:32	NewHandler DB>>> <nil>
2022-08-12T16:04:25.569+0800	INFO	app/app.go:68	Serve>> <nil>
2022-08-12T16:04:25.569+0800	INFO	render/render.go:86	matchs=>> [templates/users.page.tmpl]
2022-08-12T16:04:25.569+0800	INFO	handlers/handlers.go:30	NewHandler arg>>> <nil>
2022-08-12T16:04:25.569+0800	INFO	handlers/handlers.go:32	NewHandler DB>>> <nil>
2022-08-12T16:05:14.715+0800	INFO	app/app.go:68	Serve>> <nil>
2022-08-12T16:05:14.715+0800	INFO	render/render.go:86	matchs=>> [templates/users.page.tmpl]
2022-08-12T16:05:14.715+0800	INFO	handlers/handlers.go:30	NewHandler arg>>> <nil>
2022-08-12T16:05:14.715+0800	INFO	handlers/handlers.go:32	NewHandler DB>>> <nil>
2022-08-12T16:06:53.763+0800	INFO	app/app.go:68	Serve>> <nil>
2022-08-12T16:06:53.763+0800	INFO	render/render.go:86	matchs=>> [templates/users.page.tmpl]
2022-08-12T16:06:53.764+0800	INFO	handlers/handlers.go:30	NewHandler arg>>> <nil>
2022-08-12T16:06:53.764+0800	INFO	handlers/handlers.go:32	NewHandler DB>>> <nil>
2022-08-12T16:07:43.166+0800	INFO	app/app.go:68	Serve>> <nil>
2022-08-12T16:07:43.166+0800	INFO	render/render.go:86	matchs=>> [templates/users.page.tmpl]
2022-08-12T16:07:43.166+0800	INFO	handlers/handlers.go:30	NewHandler arg>>> <nil>
2022-08-12T16:07:43.167+0800	INFO	handlers/handlers.go:32	NewHandler DB>>> <nil>
2022-08-12T16:08:49.488+0800	INFO	app/app.go:68	Serve>> <nil>
2022-08-12T16:08:49.488+0800	INFO	render/render.go:86	matchs=>> [templates/users.page.tmpl]
2022-08-12T16:08:49.489+0800	INFO	handlers/handlers.go:30	NewHandler arg>>> <nil>
2022-08-12T16:08:49.489+0800	INFO	handlers/handlers.go:32	NewHandler DB>>> <nil>
2022-08-12T16:10:50.771+0800	INFO	app/app.go:68	Serve>> <nil>
2022-08-12T16:10:50.771+0800	INFO	render/render.go:86	matchs=>> [templates/users.page.tmpl]
2022-08-12T16:10:50.771+0800	INFO	handlers/handlers.go:30	NewHandler arg>>> <nil>
2022-08-12T16:10:50.771+0800	INFO	handlers/handlers.go:32	NewHandler DB>>> <nil>
2022-08-12T16:14:19.284+0800	INFO	app/app.go:69	Serve>> &{0xc00010b380 sqlite3 false 0xc000109500}
2022-08-12T16:14:19.284+0800	INFO	render/render.go:86	matchs=>> [templates/users.page.tmpl]
2022-08-12T16:14:19.284+0800	INFO	handlers/handlers.go:30	NewHandler arg>>> &{0xc00010b380 sqlite3 false 0xc000109500}
2022-08-12T16:14:19.284+0800	INFO	handlers/handlers.go:32	NewHandler DB>>> &{0xc00010b380 sqlite3 false 0xc000109500}
2022-08-12T16:14:24.114+0800	INFO	middleware/middleware.go:30	GET/admin/users
2022-08-12T16:14:24.114+0800	INFO	dbrepo/user.go:28	>>>>DB: &{0xc00010b380 sqlite3 false 0xc000109500}
2022-08-12T16:14:24.114+0800	INFO	handlers/adminPages.go:30	H.DB >>> &{0xc00010b380 sqlite3 false 0xc000109500}
2022-08-12T16:14:24.114+0800	INFO	render/render.go:86	matchs=>> [templates/users.page.tmpl]
2022-08-12T16:14:24.172+0800	INFO	middleware/middleware.go:30	GET/static/css/bootstrap.min.css.map
2022-08-12T16:14:24.184+0800	INFO	middleware/middleware.go:30	GET/static/js/bootstrap.bundle.min.js.map
2022-08-12T16:14:48.276+0800	INFO	app/app.go:69	Serve>> &{0xc0000af790 sqlite3 false 0xc0000ad500}
2022-08-12T16:14:48.276+0800	INFO	render/render.go:86	matchs=>> [templates/users.page.tmpl]
2022-08-12T16:14:48.276+0800	INFO	handlers/handlers.go:30	NewHandler arg>>> &{0xc0000af790 sqlite3 false 0xc0000ad500}
2022-08-12T16:14:48.276+0800	INFO	handlers/handlers.go:32	NewHandler DB>>> &{0xc0000af790 sqlite3 false 0xc0000ad500}
2022-08-12T16:14:53.619+0800	INFO	middleware/middleware.go:30	GET/admin/users
2022-08-12T16:14:53.619+0800	INFO	dbrepo/user.go:28	>>>>DB: &{0xc0000af790 sqlite3 false 0xc0000ad500}
2022-08-12T16:14:53.619+0800	INFO	handlers/adminPages.go:30	H.DB >>> &{0xc0000af790 sqlite3 false 0xc0000ad500}
2022-08-12T16:14:53.619+0800	INFO	render/render.go:86	matchs=>> [templates/users.page.tmpl]
2022-08-12T16:14:53.666+0800	INFO	middleware/middleware.go:30	GET/static/css/bootstrap.min.css.map
2022-08-12T16:14:53.669+0800	INFO	middleware/middleware.go:30	GET/static/js/bootstrap.bundle.min.js.map
2022-08-12T16:15:39.501+0800	INFO	app/app.go:69	Serve>> &{0xc00010b860 sqlite3 false 0xc000109500}
2022-08-12T16:15:39.501+0800	INFO	render/render.go:86	matchs=>> [templates/users.page.tmpl]
2022-08-12T16:15:39.501+0800	INFO	handlers/handlers.go:30	NewHandler arg>>> &{0xc00010b860 sqlite3 false 0xc000109500}
2022-08-12T16:15:39.501+0800	INFO	handlers/handlers.go:32	NewHandler DB>>> &{0xc00010b860 sqlite3 false 0xc000109500}
2022-08-12T16:15:41.714+0800	INFO	middleware/middleware.go:30	GET/admin/users
2022-08-12T16:15:41.715+0800	INFO	dbrepo/user.go:30	users>>>: [{1 zhangsan@qq.com 张三  0xc0000a8280 0 1  } {2 xzz@qq.com xzz  <nil> 0 0  } {3 xqq@qq.com xqq  0xc0000a82f0 0 0  }]
2022-08-12T16:15:41.715+0800	INFO	handlers/adminPages.go:30	H.DB >>> &{0xc00010b860 sqlite3 false 0xc000109500}
2022-08-12T16:15:41.715+0800	INFO	render/render.go:86	matchs=>> [templates/users.page.tmpl]
2022-08-12T16:15:41.773+0800	INFO	middleware/middleware.go:30	GET/static/css/bootstrap.min.css.map
2022-08-12T16:15:41.783+0800	INFO	middleware/middleware.go:30	GET/static/js/bootstrap.bundle.min.js.map
2022-08-12T16:16:26.317+0800	INFO	app/app.go:68	Serve>> &{0xc0000afa00 sqlite3 false 0xc0000ad500}
2022-08-12T16:16:26.317+0800	INFO	render/render.go:86	matchs=>> [templates/users.page.tmpl]
2022-08-12T16:16:26.317+0800	INFO	handlers/handlers.go:30	NewHandler arg>>> &{0xc0000afa00 sqlite3 false 0xc0000ad500}
2022-08-12T16:16:26.317+0800	INFO	handlers/handlers.go:32	NewHandler DB>>> &{0xc0000afa00 sqlite3 false 0xc0000ad500}
2022-08-12T16:18:00.113+0800	INFO	middleware/middleware.go:30	GET/admin/users
2022-08-12T16:18:00.113+0800	INFO	handlers/adminPages.go:30	H.DB >>> &{0xc0000afa00 sqlite3 false 0xc0000ad500}
2022-08-12T16:18:00.113+0800	INFO	render/render.go:86	matchs=>> [templates/users.page.tmpl]
2022-08-12T16:18:00.167+0800	INFO	middleware/middleware.go:30	GET/static/css/bootstrap.min.css.map
2022-08-12T16:18:00.172+0800	INFO	middleware/middleware.go:30	GET/static/js/bootstrap.bundle.min.js.map
2022-08-12T16:18:25.141+0800	INFO	app/app.go:68	Serve>> &{0xc00010b520 sqlite3 false 0xc000109500}
2022-08-12T16:18:25.141+0800	INFO	render/render.go:86	matchs=>> [templates/users.page.tmpl]
2022-08-12T16:18:26.647+0800	INFO	middleware/middleware.go:30	GET/admin/users
2022-08-12T16:18:26.648+0800	INFO	handlers/adminPages.go:31	Users>>>map[Users:[{1 zhangsan@qq.com 张三  0xc0001c88f0 0 1  } {2 xzz@qq.com xzz  <nil> 0 0  } {3 xqq@qq.com xqq  0xc0001c8960 0 0  }]]
2022-08-12T16:18:26.648+0800	INFO	render/render.go:86	matchs=>> [templates/users.page.tmpl]
2022-08-12T16:18:26.696+0800	INFO	middleware/middleware.go:30	GET/static/css/bootstrap.min.css.map
2022-08-12T16:18:26.706+0800	INFO	middleware/middleware.go:30	GET/static/js/bootstrap.bundle.min.js.map
2022-08-12T16:20:52.285+0800	INFO	middleware/middleware.go:30	GET/admin/users
2022-08-12T16:20:52.285+0800	INFO	handlers/adminPages.go:31	Users>>>map[Users:[{1 zhangsan@qq.com 张三  0xc0000ba0c0 0 1  } {2 xzz@qq.com xzz  <nil> 0 0  } {3 xqq@qq.com xqq  0xc0000ba130 0 0  }]]
2022-08-12T16:20:52.286+0800	INFO	render/render.go:86	matchs=>> [templates/users.page.tmpl]
2022-08-12T16:20:52.345+0800	INFO	middleware/middleware.go:30	GET/static/css/bootstrap.min.css.map
2022-08-12T16:20:52.349+0800	INFO	middleware/middleware.go:30	GET/static/js/bootstrap.bundle.min.js.map
2022-08-12T16:22:25.972+0800	INFO	middleware/middleware.go:30	GET/admin/users
2022-08-12T16:22:25.973+0800	INFO	handlers/adminPages.go:31	Users>>>map[Users:[{1 zhangsan@qq.com 张三  0xc000394210 0 1  } {2 xzz@qq.com xzz  <nil> 0 0  } {3 xqq@qq.com xqq  0xc000394280 0 0  }]]
2022-08-12T16:22:25.973+0800	INFO	render/render.go:86	matchs=>> [templates/users.page.tmpl]
2022-08-12T16:22:25.987+0800	INFO	middleware/middleware.go:30	GET/static/css/bootstrap.min.css
2022-08-12T16:22:26.025+0800	INFO	middleware/middleware.go:30	GET/static/css/bootstrap.min.css.map
2022-08-12T16:22:26.034+0800	INFO	middleware/middleware.go:30	GET/static/js/bootstrap.bundle.min.js.map
2022-08-12T16:23:34.186+0800	INFO	app/app.go:68	Serve>> &{0xc00010b6c0 sqlite3 false 0xc000109500}
2022-08-12T16:23:34.186+0800	INFO	render/render.go:86	matchs=>> [templates/users.page.tmpl]
2022-08-12T16:23:35.920+0800	INFO	middleware/middleware.go:30	GET/admin/users
2022-08-12T16:23:35.920+0800	INFO	handlers/adminPages.go:31	Users>>>map[Users:[{1 zhangsan@qq.com 张三  0xc00021a270 0 1  } {2 xzz@qq.com xzz  <nil> 0 0  } {3 xqq@qq.com xqq  0xc00021a2e0 0 0  }]]
2022-08-12T16:23:35.920+0800	INFO	render/render.go:86	matchs=>> [templates/users.page.tmpl]
2022-08-12T16:23:35.972+0800	INFO	middleware/middleware.go:30	GET/static/css/bootstrap.min.css.map
2022-08-12T16:23:35.982+0800	INFO	middleware/middleware.go:30	GET/static/js/bootstrap.bundle.min.js.map
2022-08-12T16:24:57.252+0800	INFO	middleware/middleware.go:30	GET/admin/users
2022-08-12T16:24:57.253+0800	INFO	handlers/adminPages.go:31	Users>>>map[Users:[{1 zhangsan@qq.com 张三  0xc0003a6ed0 0 1  } {2 xzz@qq.com xzz  <nil> 0 0  } {3 xqq@qq.com xqq  0xc0003a6f40 0 0  }]]
2022-08-12T16:24:57.253+0800	INFO	render/render.go:86	matchs=>> [templates/users.page.tmpl]
2022-08-12T16:24:57.273+0800	INFO	middleware/middleware.go:30	GET/static/js/bootstrap.bundle.min.js
2022-08-12T16:24:57.315+0800	INFO	middleware/middleware.go:30	GET/static/css/bootstrap.min.css.map
2022-08-12T16:24:57.321+0800	INFO	middleware/middleware.go:30	GET/static/js/bootstrap.bundle.min.js.map
2022-08-12T16:25:18.844+0800	INFO	middleware/middleware.go:30	GET/admin/users
2022-08-12T16:25:18.844+0800	INFO	handlers/adminPages.go:31	Users>>>map[Users:[{1 zhangsan@qq.com 张三  0xc00021a960 0 1  } {2 xzz@qq.com xzz  <nil> 0 0  } {3 xqq@qq.com xqq  0xc00021a9d0 0 0  }]]
2022-08-12T16:25:18.844+0800	INFO	render/render.go:86	matchs=>> [templates/users.page.tmpl]
2022-08-12T16:25:18.891+0800	INFO	middleware/middleware.go:30	GET/static/css/bootstrap.min.css.map
2022-08-12T16:25:18.898+0800	INFO	middleware/middleware.go:30	GET/static/js/bootstrap.bundle.min.js.map
2022-08-12T16:26:31.717+0800	INFO	middleware/middleware.go:30	GET/admin/users
2022-08-12T16:26:31.717+0800	INFO	handlers/adminPages.go:31	Users>>>map[Users:[{1 zhangsan@qq.com 张三  0xc0001c8f50 0 1  } {2 xzz@qq.com xzz  <nil> 0 0  } {3 xqq@qq.com xqq  0xc0001c8fc0 0 0  }]]
2022-08-12T16:26:31.717+0800	INFO	render/render.go:86	matchs=>> [templates/users.page.tmpl]
2022-08-12T16:26:31.780+0800	INFO	middleware/middleware.go:30	GET/static/css/bootstrap.min.css.map
2022-08-12T16:26:31.795+0800	INFO	middleware/middleware.go:30	GET/static/js/bootstrap.bundle.min.js.map
2022-08-12T16:26:44.395+0800	INFO	middleware/middleware.go:30	GET/admin/users
2022-08-12T16:26:44.395+0800	INFO	handlers/adminPages.go:31	Users>>>map[Users:[{1 zhangsan@qq.com 张三  0xc0001c9b60 0 1  } {2 xzz@qq.com xzz  <nil> 0 0  } {3 xqq@qq.com xqq  0xc0001c9bd0 0 0  }]]
2022-08-12T16:26:44.395+0800	INFO	render/render.go:86	matchs=>> [templates/users.page.tmpl]
2022-08-12T16:26:44.492+0800	INFO	middleware/middleware.go:30	GET/static/css/bootstrap.min.css.map
2022-08-12T16:26:44.502+0800	INFO	middleware/middleware.go:30	GET/static/js/bootstrap.bundle.min.js.map
2022-08-12T16:27:17.667+0800	INFO	middleware/middleware.go:30	GET/admin/users
2022-08-12T16:27:17.668+0800	INFO	handlers/adminPages.go:31	Users>>>map[Users:[{1 zhangsan@qq.com 张三  0xc0003a7be0 0 1  } {2 xzz@qq.com xzz  <nil> 0 0  } {3 xqq@qq.com xqq  0xc0003a7c50 0 0  }]]
2022-08-12T16:27:17.668+0800	INFO	render/render.go:86	matchs=>> [templates/users.page.tmpl]
2022-08-12T16:27:17.725+0800	INFO	middleware/middleware.go:30	GET/static/css/bootstrap.min.css.map
2022-08-12T16:27:17.736+0800	INFO	middleware/middleware.go:30	GET/static/js/bootstrap.bundle.min.js.map
2022-08-13T22:27:24.969+0800	INFO	middleware/middleware.go:30	GET/admin/users
2022-08-13T22:27:24.978+0800	INFO	handlers/adminPages.go:31	Users>>>map[Users:[{1 zhangsan@qq.com 张三  0xc0004688b0 0 1  } {2 xzz@qq.com xzz  <nil> 0 0  } {3 xqq@qq.com xqq  0xc000468920 0 0  }]]
2022-08-13T22:27:24.978+0800	INFO	render/render.go:86	matchs=>> [templates/users.page.tmpl]
2022-08-13T22:27:25.006+0800	INFO	middleware/middleware.go:30	GET/static/css/bootstrap.min.css
2022-08-13T22:27:25.016+0800	INFO	middleware/middleware.go:30	GET/static/js/bootstrap.bundle.min.js
2022-08-13T22:27:25.110+0800	INFO	middleware/middleware.go:30	GET/static/css/bootstrap.min.css.map
2022-08-13T22:27:25.127+0800	INFO	middleware/middleware.go:30	GET/static/js/bootstrap.bundle.min.js.map
